<?xml version="1.0" encoding="UTF-8"?>
<!-- Generated by org.testng.reporters.JUnitReportReporter -->
<testsuite skipped="0" hostname="DESKTOP-UM6LR8M" name="com.TestScript.RegisterTest" tests="1" failures="0" timestamp="26 Sep 2017 04:13:15 GMT" time="32.994" errors="0">
  <testcase name="registersignin" time="32.994" classname="com.TestScript.RegisterTest"/>
</testsuite> <!-- com.TestScript.RegisterTest -->
