<?xml version="1.0" encoding="UTF-8"?>
<!-- Generated by org.testng.reporters.JUnitReportReporter -->
<testsuite hostname="DESKTOP-UM6LR8M" name="com.TestScript.SelectClass" tests="1" failures="0" timestamp="14 Sep 2017 04:09:56 GMT" time="21.319" errors="0">
  <testcase name="selectclass" time="21.319" classname="com.TestScript.SelectClass"/>
</testsuite> <!-- com.TestScript.SelectClass -->
