<?xml version="1.0" encoding="UTF-8"?>
<!-- Generated by org.testng.reporters.JUnitReportReporter -->
<testsuite hostname="DESKTOP-UM6LR8M" name="com.TestScript.doubleclickaction" tests="2" failures="0" timestamp="13 Sep 2017 03:36:58 GMT" time="31.190" errors="0">
  <testcase name="rightclick" time="16.437" classname="com.TestScript.doubleclickaction"/>
  <testcase name="doubleclcik" time="14.753" classname="com.TestScript.doubleclickaction"/>
</testsuite> <!-- com.TestScript.doubleclickaction -->
