<?xml version="1.0" encoding="UTF-8"?>
<!-- Generated by org.testng.reporters.JUnitReportReporter -->
<testsuite hostname="DESKTOP-UM6LR8M" name="com.TestScript.sample" tests="1" failures="0" timestamp="7 Sep 2017 03:28:37 GMT" time="0.011" errors="0">
  <testcase name="test" time="0.011" classname="com.TestScript.sample"/>
</testsuite> <!-- com.TestScript.sample -->
