<?xml version="1.0" encoding="UTF-8"?>
<!-- Generated by org.testng.reporters.JUnitReportReporter -->
<testsuite hostname="DESKTOP-UM6LR8M" name="com.TestScript.Dragdrop" tests="1" failures="0" timestamp="12 Sep 2017 11:27:48 GMT" time="13.145" errors="0">
  <testcase name="dragdrop" time="13.145" classname="com.TestScript.Dragdrop"/>
</testsuite> <!-- com.TestScript.Dragdrop -->
