<?xml version="1.0" encoding="UTF-8"?>
<!-- Generated by org.testng.reporters.JUnitReportReporter -->
<testsuite skipped="0" hostname="DESKTOP-UM6LR8M" name="com.TestScript.AutoItscript" tests="1" failures="0" timestamp="03 Oct 2017 03:48:52 GMT" time="13.670" errors="0">
  <testcase name="autoit" time="13.670" classname="com.TestScript.AutoItscript"/>
</testsuite> <!-- com.TestScript.AutoItscript -->
