<?xml version="1.0" encoding="UTF-8"?>
<!-- Generated by org.testng.reporters.JUnitReportReporter -->
<testsuite hostname="DESKTOP-UM6LR8M" name="com.TestScript.LoginModule" tests="3" failures="0" timestamp="15 Sep 2017 04:03:35 GMT" time="164.554" errors="0">
  <testcase name="logintoabofapplication" time="40.661" classname="com.TestScript.LoginModule"/>
  <testcase name="logintoabofapplication" time="86.175" classname="com.TestScript.LoginModule"/>
  <testcase name="logintoabofapplication" time="37.718" classname="com.TestScript.LoginModule"/>
</testsuite> <!-- com.TestScript.LoginModule -->
