<?xml version="1.0" encoding="UTF-8"?>
<!-- Generated by org.testng.reporters.JUnitReportReporter -->
<testsuite skipped="0" hostname="DESKTOP-UM6LR8M" name="com.Library.BaseClass" tests="1" failures="0" timestamp="05 Sep 2017 03:09:20 GMT" time="5.313" errors="0">
  <testcase name="test" time="5.313" classname="com.Library.BaseClass"/>
</testsuite> <!-- com.Library.BaseClass -->
