<?xml version="1.0" encoding="UTF-8"?>
<!-- Generated by org.testng.reporters.JUnitReportReporter -->
<testsuite skipped="0" hostname="DESKTOP-UM6LR8M" name="com.TestScript.LoginTest" tests="1" failures="0" timestamp="27 Sep 2017 03:51:06 GMT" time="24.326" errors="0">
  <testcase name="Logintoapplication" time="24.326" classname="com.TestScript.LoginTest"/>
</testsuite> <!-- com.TestScript.LoginTest -->
